<?xml version="1.0" encoding="UTF-8"?>
<!-- Generated by org.testng.reporters.JUnitReportReporter -->
<testsuite hostname="KARTHIKEYAN" failures="0" tests="65" name="com.example.demo.MultiBranchAcademicCalendarHarmonizerTest" time="1.140" errors="0" timestamp="2025-12-26T12:18:58 IST" skipped="0">
  <testcase classname="com.example.demo.MultiBranchAcademicCalendarHarmonizerTest" name="t01_simpleServlet_statusAlive" time="0.326"/>
  <testcase classname="com.example.demo.MultiBranchAcademicCalendarHarmonizerTest" name="t02_simpleControllerPathBuilding" time="0.009"/>
  <testcase classname="com.example.demo.MultiBranchAcademicCalendarHarmonizerTest" name="t03_queryParamSimulation" time="0.001"/>
  <testcase classname="com.example.demo.MultiBranchAcademicCalendarHarmonizerTest" name="t04_registerRequestDtoMapping" time="0.004"/>
  <testcase classname="com.example.demo.MultiBranchAcademicCalendarHarmonizerTest" name="t05_loginRequestDtoMapping" time="0.005"/>
  <testcase classname="com.example.demo.MultiBranchAcademicCalendarHarmonizerTest" name="t06_pathPatternMatch" time="0.001"/>
  <testcase classname="com.example.demo.MultiBranchAcademicCalendarHarmonizerTest" name="t07_statusCodeOrdering" time="0.000"/>
  <testcase classname="com.example.demo.MultiBranchAcademicCalendarHarmonizerTest" name="t10_registerUser_success" time="0.007"/>
  <testcase classname="com.example.demo.MultiBranchAcademicCalendarHarmonizerTest" name="t11_registerUser_duplicateEmail" time="0.003"/>
  <testcase classname="com.example.demo.MultiBranchAcademicCalendarHarmonizerTest" name="t12_getUserById_success" time="0.004"/>
  <testcase classname="com.example.demo.MultiBranchAcademicCalendarHarmonizerTest" name="t13_getUserById_notFound" time="0.002"/>
  <testcase classname="com.example.demo.MultiBranchAcademicCalendarHarmonizerTest" name="t14_createBranch_success" time="0.004"/>
  <testcase classname="com.example.demo.MultiBranchAcademicCalendarHarmonizerTest" name="t15_updateBranchStatus_success" time="0.006"/>
  <testcase classname="com.example.demo.MultiBranchAcademicCalendarHarmonizerTest" name="t16_getAllBranches_empty" time="0.001"/>
  <testcase classname="com.example.demo.MultiBranchAcademicCalendarHarmonizerTest" name="t17_getAllBranches_nonEmpty" time="0.001"/>
  <testcase classname="com.example.demo.MultiBranchAcademicCalendarHarmonizerTest" name="t18_createAcademicEvent_success" time="0.006"/>
  <testcase classname="com.example.demo.MultiBranchAcademicCalendarHarmonizerTest" name="t19_createAcademicEvent_invalidDates" time="0.001"/>
  <testcase classname="com.example.demo.MultiBranchAcademicCalendarHarmonizerTest" name="t20_branchProfileServiceInjected" time="0.002"/>
  <testcase classname="com.example.demo.MultiBranchAcademicCalendarHarmonizerTest" name="t21_academicEventServiceInjected" time="0.000"/>
  <testcase classname="com.example.demo.MultiBranchAcademicCalendarHarmonizerTest" name="t22_mergeServiceInjectedMultipleRepositories" time="0.000"/>
  <testcase classname="com.example.demo.MultiBranchAcademicCalendarHarmonizerTest" name="t23_clashServiceInjectedRepository" time="0.001"/>
  <testcase classname="com.example.demo.MultiBranchAcademicCalendarHarmonizerTest" name="t24_userAccountServiceInjectedPasswordEncoder" time="0.001"/>
  <testcase classname="com.example.demo.MultiBranchAcademicCalendarHarmonizerTest" name="t30_branchProfilePrePersistSetsDefaults" time="0.001"/>
  <testcase classname="com.example.demo.MultiBranchAcademicCalendarHarmonizerTest" name="t31_academicEventPrePersistSubmittedAt" time="0.002"/>
  <testcase classname="com.example.demo.MultiBranchAcademicCalendarHarmonizerTest" name="t32_eventMergeRecordPrePersistCreatedAt" time="0.005"/>
  <testcase classname="com.example.demo.MultiBranchAcademicCalendarHarmonizerTest" name="t33_clashRecordPrePersistDefaults" time="0.003"/>
  <testcase classname="com.example.demo.MultiBranchAcademicCalendarHarmonizerTest" name="t34_harmonizedCalendarPrePersistGeneratedAt" time="0.001"/>
  <testcase classname="com.example.demo.MultiBranchAcademicCalendarHarmonizerTest" name="t35_crudSaveBranch_viaRepositoryMock" time="0.005"/>
  <testcase classname="com.example.demo.MultiBranchAcademicCalendarHarmonizerTest" name="t36_userAccountPrePersistDefaultsRole" time="0.002"/>
  <testcase classname="com.example.demo.MultiBranchAcademicCalendarHarmonizerTest" name="t37_repositoryFindUserByEmail_optional" time="0.003"/>
  <testcase classname="com.example.demo.MultiBranchAcademicCalendarHarmonizerTest" name="t40_branchProfileUniquenessConcept" time="0.003"/>
  <testcase classname="com.example.demo.MultiBranchAcademicCalendarHarmonizerTest" name="t41_academicEventBelongsToBranchConcept" time="0.001"/>
  <testcase classname="com.example.demo.MultiBranchAcademicCalendarHarmonizerTest" name="t42_clashRecordReferencesTwoEventsConcept" time="0.001"/>
  <testcase classname="com.example.demo.MultiBranchAcademicCalendarHarmonizerTest" name="t43_mergeRecordHasSourceEventsConcept" time="0.001"/>
  <testcase classname="com.example.demo.MultiBranchAcademicCalendarHarmonizerTest" name="t44_harmonizedCalendarEffectiveWindowConcept" time="0.002"/>
  <testcase classname="com.example.demo.MultiBranchAcademicCalendarHarmonizerTest" name="t50_branchWithMultipleEventsConcept" time="0.003"/>
  <testcase classname="com.example.demo.MultiBranchAcademicCalendarHarmonizerTest" name="t51_eventParticipatesInMultipleClashesConcept" time="0.000"/>
  <testcase classname="com.example.demo.MultiBranchAcademicCalendarHarmonizerTest" name="t52_eventsMergedConcept" time="0.001"/>
  <testcase classname="com.example.demo.MultiBranchAcademicCalendarHarmonizerTest" name="t53_calendarContainsEventsJsonConcept" time="0.001"/>
  <testcase classname="com.example.demo.MultiBranchAcademicCalendarHarmonizerTest" name="t54_branchAndCalendarIndirectRelationConcept" time="0.001"/>
  <testcase classname="com.example.demo.MultiBranchAcademicCalendarHarmonizerTest" name="t60_generateJwtToken_containsSubject" time="0.626"/>
  <testcase classname="com.example.demo.MultiBranchAcademicCalendarHarmonizerTest" name="t61_generateTokenForUser_containsClaims" time="0.009"/>
  <testcase classname="com.example.demo.MultiBranchAcademicCalendarHarmonizerTest" name="t62_tokenValidation_success" time="0.005"/>
  <testcase classname="com.example.demo.MultiBranchAcademicCalendarHarmonizerTest" name="t63_tokenValidation_wrongUser" time="0.004"/>
  <testcase classname="com.example.demo.MultiBranchAcademicCalendarHarmonizerTest" name="t64_customUserDetailsService_loadByEmail" time="0.029"/>
  <testcase classname="com.example.demo.MultiBranchAcademicCalendarHarmonizerTest" name="t65_customUserDetailsService_userNotFound" time="0.002"/>
  <testcase classname="com.example.demo.MultiBranchAcademicCalendarHarmonizerTest" name="t66_authenticationManager_simulation" time="0.005"/>
  <testcase classname="com.example.demo.MultiBranchAcademicCalendarHarmonizerTest" name="t67_roleBasedAccessConcept_adminRole" time="0.000"/>
  <testcase classname="com.example.demo.MultiBranchAcademicCalendarHarmonizerTest" name="t68_roleBasedAccessConcept_reviewerNotAdmin" time="0.001"/>
  <testcase classname="com.example.demo.MultiBranchAcademicCalendarHarmonizerTest" name="t69_tokenIncludesEmailClaim" time="0.002"/>
  <testcase classname="com.example.demo.MultiBranchAcademicCalendarHarmonizerTest" name="t70_tokenIncludesRoleClaim" time="0.005"/>
  <testcase classname="com.example.demo.MultiBranchAcademicCalendarHarmonizerTest" name="t71_tokenIncludesUserIdClaim" time="0.004"/>
  <testcase classname="com.example.demo.MultiBranchAcademicCalendarHarmonizerTest" name="t72_invalidTokenParsingThrows" time="0.005"/>
  <testcase classname="com.example.demo.MultiBranchAcademicCalendarHarmonizerTest" name="t73_passwordMinLengthValidation" time="0.001"/>
  <testcase classname="com.example.demo.MultiBranchAcademicCalendarHarmonizerTest" name="t74_registerUser_defaultRoleReviewer" time="0.002"/>
  <testcase classname="com.example.demo.MultiBranchAcademicCalendarHarmonizerTest" name="t80_getEventsByBranch_service" time="0.003"/>
  <testcase classname="com.example.demo.MultiBranchAcademicCalendarHarmonizerTest" name="t81_mergeEvents_buildsMergedRecord" time="0.002"/>
  <testcase classname="com.example.demo.MultiBranchAcademicCalendarHarmonizerTest" name="t82_mergeEvents_noEventsFound" time="0.001"/>
  <testcase classname="com.example.demo.MultiBranchAcademicCalendarHarmonizerTest" name="t83_clashesForEvent_repository" time="0.001"/>
  <testcase classname="com.example.demo.MultiBranchAcademicCalendarHarmonizerTest" name="t84_unresolvedClashes_repository" time="0.001"/>
  <testcase classname="com.example.demo.MultiBranchAcademicCalendarHarmonizerTest" name="t85_generateHarmonizedCalendar_service" time="0.003"/>
  <testcase classname="com.example.demo.MultiBranchAcademicCalendarHarmonizerTest" name="t86_getCalendarsWithinRange_repository" time="0.002"/>
  <testcase classname="com.example.demo.MultiBranchAcademicCalendarHarmonizerTest" name="t87_getMergeRecordsByDate_repository" time="0.001"/>
  <testcase classname="com.example.demo.MultiBranchAcademicCalendarHarmonizerTest" name="t88_getEventsByBranch_noEvents" time="0.002"/>
  <testcase classname="com.example.demo.MultiBranchAcademicCalendarHarmonizerTest" name="t89_clashResolve_updatesResolvedFlag" time="0.003"/>
</testsuite> <!-- com.example.demo.MultiBranchAcademicCalendarHarmonizerTest -->
